[2025-11-27 11:17:16] info: 	z2m: Logging to console, file (filename: log.log)
[2025-11-27 11:17:17] info: 	z2m: Starting Zigbee2MQTT version 2.6.3 (commit #6e001b48ec278c6c141579c9eacc045f190fc289
)
[2025-11-27 11:17:17] info: 	z2m: Starting zigbee-herdsman (6.3.2)
[2025-11-27 11:17:18] info: 	zh:ember: Using default stack config.
[2025-11-27 11:17:18] info: 	zh:ember: ======== Ember Adapter Starting ========
[2025-11-27 11:17:18] info: 	zh:ember:ezsp: ======== EZSP starting ========
[2025-11-27 11:17:18] info: 	zh:ember:uart:ash: ======== ASH Adapter reset ========
[2025-11-27 11:17:21] info: 	zh:ember:uart:ash: ASH COUNTERS since last clear:
[2025-11-27 11:17:21] info: 	zh:ember:uart:ash:   Total frames: RX=0, TX=0
[2025-11-27 11:17:21] info: 	zh:ember:uart:ash:   Cancelled   : RX=0, TX=0
[2025-11-27 11:17:21] info: 	zh:ember:uart:ash:   DATA frames : RX=0, TX=0
[2025-11-27 11:17:21] info: 	zh:ember:uart:ash:   DATA bytes  : RX=0, TX=0
[2025-11-27 11:17:21] info: 	zh:ember:uart:ash:   Retry frames: RX=0, TX=0
[2025-11-27 11:17:21] info: 	zh:ember:uart:ash:   ACK frames  : RX=0, TX=0
[2025-11-27 11:17:21] info: 	zh:ember:uart:ash:   NAK frames  : RX=0, TX=0
[2025-11-27 11:17:21] info: 	zh:ember:uart:ash:   nRdy frames : RX=0, TX=0
[2025-11-27 11:17:21] info: 	zh:ember:uart:ash:   CRC errors      : RX=0
[2025-11-27 11:17:21] info: 	zh:ember:uart:ash:   Comm errors     : RX=0
[2025-11-27 11:17:21] info: 	zh:ember:uart:ash:   Length < minimum: RX=0
[2025-11-27 11:17:21] info: 	zh:ember:uart:ash:   Length > maximum: RX=0
[2025-11-27 11:17:21] info: 	zh:ember:uart:ash:   Bad controls    : RX=0
[2025-11-27 11:17:21] info: 	zh:ember:uart:ash:   Bad lengths     : RX=0
[2025-11-27 11:17:21] info: 	zh:ember:uart:ash:   Bad ACK numbers : RX=0
[2025-11-27 11:17:21] info: 	zh:ember:uart:ash:   Out of buffers  : RX=0
[2025-11-27 11:17:21] info: 	zh:ember:uart:ash:   Retry dupes     : RX=0
[2025-11-27 11:17:21] info: 	zh:ember:uart:ash:   Out of sequence : RX=0
[2025-11-27 11:17:21] info: 	zh:ember:uart:ash:   ACK timeouts    : RX=0
[2025-11-27 11:17:21] info: 	zh:ember:uart:ash: ======== ASH stopped ========
[2025-11-27 11:17:21] error: 	zh:ember:uart:ash: Failed to init port with error Error: connect EHOSTUNREACH 192.168.0.95:6638
[2025-11-27 11:17:21] error: 	z2m: Error while starting zigbee-herdsman
[2025-11-27 11:17:21] error: 	z2m: Failed to start zigbee-herdsman
[2025-11-27 11:17:21] error: 	z2m: Check https://www.zigbee2mqtt.io/guide/installation/20_zigbee2mqtt-fails-to-start_crashes-runtime.html for possible solutions
[2025-11-27 11:17:21] error: 	z2m: Exiting...
[2025-11-27 11:17:22] error: 	z2m: Error: Failed to start EZSP layer with status=HOST_FATAL_ERROR.
    at EmberAdapter.initEzsp (/app/node_modules/.pnpm/zigbee-herdsman@6.3.2/node_modules/zigbee-herdsman/src/adapter/ember/adapter/emberAdapter.ts:665:19)
    at processTicksAndRejections (node:internal/process/task_queues:105:5)
    at EmberAdapter.start (/app/node_modules/.pnpm/zigbee-herdsman@6.3.2/node_modules/zigbee-herdsman/src/adapter/ember/adapter/emberAdapter.ts:1547:24)
    at Controller.start (/app/node_modules/.pnpm/zigbee-herdsman@6.3.2/node_modules/zigbee-herdsman/src/controller/controller.ts:133:29)
    at Zigbee.start (/app/lib/zigbee.ts:67:27)
    at Controller.start (/app/lib/controller.ts:101:13)
    at start (/app/index.js:149:5)
