[2025-11-27 08:39:46] debug: 	z2m: Removing old log directory '/app/data/log/2025-11-18.11-10-03'
[2025-11-27 08:39:47] info: 	z2m: Logging to console, file (filename: log.log)
[2025-11-27 08:39:47] debug: 	z2m: Loaded state from file /app/data/state.json
[2025-11-27 08:39:47] info: 	z2m: Starting Zigbee2MQTT version 2.6.3 (commit #6e001b48ec278c6c141579c9eacc045f190fc289
)
[2025-11-27 08:39:47] info: 	z2m: Starting zigbee-herdsman (6.3.2)
[2025-11-27 08:39:47] debug: 	z2m: Using zigbee-herdsman with settings: '"{\"network\":{\"panID\":6754,\"extendedPanID\":[221,221,221,221,221,221,221,2],\"channelList\":[20],\"networkKey\":\"HIDDEN\"},\"databasePath\":\"/app/data/database.db\",\"databaseBackupPath\":\"/app/data/database.db.backup\",\"backupPath\":\"/app/data/coordinator_backup.json\",\"serialPort\":{\"path\":\"tcp://192.168.1.35:6638\",\"adapter\":\"ezsp\"},\"adapter\":{\"disableLED\":false,\"transmitPower\":20}}"'
[2025-11-27 08:39:48] debug: 	zh:ezsp: Adapter concurrent: 8
[2025-11-27 08:39:48] debug: 	zh:controller: Starting with options '{"network":{"networkKeyDistribute":false,"networkKey":"HIDDEN","panID":6754,"extendedPanID":[221,221,221,221,221,221,221,2],"channelList":[20]},"serialPort":{"path":"tcp://192.168.1.35:6638","adapter":"ezsp"},"adapter":{"disableLED":false,"transmitPower":20},"databasePath":"/app/data/database.db","databaseBackupPath":"/app/data/database.db.backup","backupPath":"/app/data/coordinator_backup.json"}'
[2025-11-27 08:39:48] warning: 	zh:ezsp: 'ezsp' driver is deprecated and will only remain to provide support for older firmware (pre 7.4.x). Migration to 'ember' is recommended. If using Zigbee2MQTT see https://github.com/Koenkk/zigbee2mqtt/discussions/21462
[2025-11-27 08:39:48] debug: 	zh:ezsp:uart: Opening TCP socket with 192.168.1.35:6638
[2025-11-27 08:39:48] debug: 	zh:ezsp:uart: Socket connected
[2025-11-27 08:39:48] debug: 	zh:ezsp:uart: Socket ready
[2025-11-27 08:39:48] debug: 	zh:ezsp:uart: Uart reseting
[2025-11-27 08:39:48] debug: 	zh:ezsp:uart: --> Write reset
[2025-11-27 08:39:48] debug: 	zh:ezsp:uart: --> [1ac038bc7e]
[2025-11-27 08:39:48] debug: 	zh:ezsp:uart: -?- waiting reset
[2025-11-27 08:39:50] debug: 	zh:ezsp:uart: <-- [c1020b0a527e]
[2025-11-27 08:39:50] debug: 	zh:ezsp:uart: <-- RSTACK c1020b0a527e
[2025-11-27 08:39:50] debug: 	zh:ezsp:uart: RSTACK Version: 2 Reason: RESET_SOFTWARE frame: c1020b0a527e
[2025-11-27 08:39:50] debug: 	zh:ezsp:uart: -+- waiting reset success
[2025-11-27 08:39:52] debug: 	zh:ezsp:ezsp: ==> version: {"desiredProtocolVersion":4}
[2025-11-27 08:39:52] debug: 	zh:ezsp:ezsp: ==> {"_cls_":"version","_id_":0,"_isRequest_":true,"desiredProtocolVersion":4}
[2025-11-27 08:39:52] debug: 	zh:ezsp:uart: --> DATA (0,0,0): 00000004
[2025-11-27 08:39:52] debug: 	zh:ezsp:uart: --> [004221a850ed2c7e]
[2025-11-27 08:39:52] debug: 	zh:ezsp:uart: -?- waiting (1)
[2025-11-27 08:39:52] debug: 	zh:ezsp:uart: <-- [0142a1a85a28353299a57e]
[2025-11-27 08:39:52] debug: 	zh:ezsp:uart: <-- DATA (0,1,0): 0142a1a85a28353299a57e
[2025-11-27 08:39:52] debug: 	zh:ezsp:uart: --> ACK  (1)
[2025-11-27 08:39:52] debug: 	zh:ezsp:uart: --> [8160597e]
[2025-11-27 08:39:52] debug: 	zh:ezsp:uart: <-- ACK (1): 0142a1a85a28353299a57e
[2025-11-27 08:39:52] debug: 	zh:ezsp:ezsp: <== Frame: 0080000e022080
[2025-11-27 08:39:52] debug: 	zh:ezsp:ezsp: <== 0x0: {"_cls_":"version","_id_":0,"_isRequest_":false,"protocolVersion":14,"stackType":2,"stackVersion":32800}
[2025-11-27 08:39:52] debug: 	zh:ezsp:uart: -+- waiting (1) success
[2025-11-27 08:39:52] error: 	z2m: Error while starting zigbee-herdsman
[2025-11-27 08:39:52] error: 	z2m: Failed to start zigbee-herdsman
[2025-11-27 08:39:52] error: 	z2m: Check https://www.zigbee2mqtt.io/guide/installation/20_zigbee2mqtt-fails-to-start_crashes-runtime.html for possible solutions
[2025-11-27 08:39:52] error: 	z2m: Exiting...
[2025-11-27 08:39:53] error: 	z2m: Error: 'ezsp' driver is not compatible with firmware 8.x.x or above (EZSP v14+). Use 'ember' driver instead.
    at Ezsp.version (/app/node_modules/.pnpm/zigbee-herdsman@6.3.2/node_modules/zigbee-herdsman/src/adapter/ezsp/driver/ezsp.ts:462:19)
    at processTicksAndRejections (node:internal/process/task_queues:105:5)
    at Driver.startup (/app/node_modules/.pnpm/zigbee-herdsman@6.3.2/node_modules/zigbee-herdsman/src/adapter/ezsp/driver/driver.ts:195:9)
    at EZSPAdapter.start (/app/node_modules/.pnpm/zigbee-herdsman@6.3.2/node_modules/zigbee-herdsman/src/adapter/ezsp/adapter/ezspAdapter.ts:151:16)
    at Controller.start (/app/node_modules/.pnpm/zigbee-herdsman@6.3.2/node_modules/zigbee-herdsman/src/controller/controller.ts:133:29)
    at Zigbee.start (/app/lib/zigbee.ts:67:27)
    at Controller.start (/app/lib/controller.ts:101:13)
    at start (/app/index.js:149:5)
